<?xml version="1.0" encoding="UTF-8"?>
<!-- Generated by org.testng.reporters.JUnitXMLReporter -->
<testsuite ignored="0" hostname="DESKTOP-P06UOCI" failures="0" tests="3" name="Test" time="89.742" errors="0" timestamp="2022-03-22T18:47:24 CST">
  <testcase classname="academy.ValidateNavigationBar" name="basePageNavigation" time="0.025"/>
  <testcase classname="academy.HomePage" name="basePageNavigation" time="2.528"/>
  <testcase classname="academy.ValidateTitle" name="basePageNavigation" time="0.015"/>
</testsuite> <!-- Test -->
