<?xml version="1.0" encoding="UTF-8"?>
<!-- Generated by org.testng.reporters.JUnitXMLReporter -->
<testsuite ignored="0" hostname="DESKTOP-P06UOCI" failures="0" tests="4" name="Test" time="100.068" errors="0" timestamp="2022-04-12T14:46:43 CDT">
  <testcase classname="academy.ValidateNavigationBar" name="basePageNavigation" time="0.028"/>
  <testcase classname="academy.HomePage" name="basePageNavigation" time="34.035"/>
  <testcase classname="academy.HomePage" name="basePageNavigation" time="27.375"/>
  <testcase classname="academy.ValidateTitle" name="basePageNavigation" time="0.027"/>
</testsuite> <!-- Test -->
