<?xml version="1.0" encoding="UTF-8"?>
<testng-results ignored="0" total="4" passed="4" failed="0" skipped="0">
  <reporter-output>
  </reporter-output>
  <suite started-at="2022-04-12T14:45:03 CDT" name="Suite" finished-at="2022-04-12T14:46:43 CDT" duration-ms="100068">
    <groups>
    </groups>
    <test started-at="2022-04-12T14:45:03 CDT" name="Test" finished-at="2022-04-12T14:46:43 CDT" duration-ms="100068">
      <class name="academy.ValidateNavigationBar">
        <test-method is-config="true" signature="intialize()[pri:0, instance:academy.ValidateNavigationBar@7722c3c3]" started-at="2022-04-12T14:45:05 CDT" name="intialize" finished-at="2022-04-12T14:45:24 CDT" duration-ms="18769" status="PASS">
          <reporter-output>
          </reporter-output>
        </test-method> <!-- intialize -->
        <test-method signature="basePageNavigation()[pri:0, instance:academy.ValidateNavigationBar@7722c3c3]" started-at="2022-04-12T14:45:42 CDT" name="basePageNavigation" finished-at="2022-04-12T14:45:42 CDT" duration-ms="28" status="PASS">
          <reporter-output>
          </reporter-output>
        </test-method> <!-- basePageNavigation -->
        <test-method is-config="true" signature="teardown()[pri:0, instance:academy.ValidateNavigationBar@7722c3c3]" started-at="2022-04-12T14:46:43 CDT" name="teardown" finished-at="2022-04-12T14:46:43 CDT" duration-ms="48" status="PASS">
          <reporter-output>
          </reporter-output>
        </test-method> <!-- teardown -->
      </class> <!-- academy.ValidateNavigationBar -->
      <class name="academy.HomePage">
        <test-method is-config="true" signature="intialize()[pri:0, instance:academy.HomePage@1ea9f6af]" started-at="2022-04-12T14:45:03 CDT" name="intialize" finished-at="2022-04-12T14:45:05 CDT" duration-ms="1522" status="PASS">
          <reporter-output>
          </reporter-output>
        </test-method> <!-- intialize -->
        <test-method signature="basePageNavigation(java.lang.String,java.lang.String,java.lang.String)[pri:0, instance:academy.HomePage@1ea9f6af]" started-at="2022-04-12T14:45:42 CDT" name="basePageNavigation" data-provider="getData" finished-at="2022-04-12T14:46:16 CDT" duration-ms="34035" status="PASS">
          <params>
            <param index="0">
              <value>
                <![CDATA[nonrestricteduser@qw.com]]>
              </value>
            </param>
            <param index="1">
              <value>
                <![CDATA[123456]]>
              </value>
            </param>
            <param index="2">
              <value>
                <![CDATA[Non restricted User]]>
              </value>
            </param>
          </params>
          <reporter-output>
          </reporter-output>
        </test-method> <!-- basePageNavigation -->
        <test-method signature="basePageNavigation(java.lang.String,java.lang.String,java.lang.String)[pri:0, instance:academy.HomePage@1ea9f6af]" started-at="2022-04-12T14:46:16 CDT" name="basePageNavigation" data-provider="getData" finished-at="2022-04-12T14:46:43 CDT" duration-ms="27375" status="PASS">
          <params>
            <param index="0">
              <value>
                <![CDATA[restricteduser@qw.com]]>
              </value>
            </param>
            <param index="1">
              <value>
                <![CDATA[456788]]>
              </value>
            </param>
            <param index="2">
              <value>
                <![CDATA[Restricted user]]>
              </value>
            </param>
          </params>
          <reporter-output>
          </reporter-output>
        </test-method> <!-- basePageNavigation -->
        <test-method is-config="true" signature="teardown()[pri:0, instance:academy.HomePage@1ea9f6af]" started-at="2022-04-12T14:46:43 CDT" name="teardown" finished-at="2022-04-12T14:46:43 CDT" duration-ms="41" status="PASS">
          <reporter-output>
          </reporter-output>
        </test-method> <!-- teardown -->
      </class> <!-- academy.HomePage -->
      <class name="academy.ValidateTitle">
        <test-method is-config="true" signature="intialize()[pri:0, instance:academy.ValidateTitle@6a192cfe]" started-at="2022-04-12T14:45:24 CDT" name="intialize" finished-at="2022-04-12T14:45:42 CDT" duration-ms="18157" status="PASS">
          <reporter-output>
          </reporter-output>
        </test-method> <!-- intialize -->
        <test-method signature="basePageNavigation(java.lang.String,java.lang.String,java.lang.String)[pri:0, instance:academy.ValidateTitle@6a192cfe]" started-at="2022-04-12T14:46:43 CDT" name="basePageNavigation" data-provider="getData" finished-at="2022-04-12T14:46:43 CDT" duration-ms="27" status="PASS">
          <params>
            <param index="0">
              <value>
                <![CDATA[nonrestricteduser@qw.com]]>
              </value>
            </param>
            <param index="1">
              <value>
                <![CDATA[123456]]>
              </value>
            </param>
            <param index="2">
              <value>
                <![CDATA[Restricted User]]>
              </value>
            </param>
          </params>
          <reporter-output>
          </reporter-output>
        </test-method> <!-- basePageNavigation -->
        <test-method is-config="true" signature="teardown()[pri:0, instance:academy.ValidateTitle@6a192cfe]" started-at="2022-04-12T14:46:43 CDT" name="teardown" finished-at="2022-04-12T14:46:43 CDT" duration-ms="41" status="PASS">
          <reporter-output>
          </reporter-output>
        </test-method> <!-- teardown -->
      </class> <!-- academy.ValidateTitle -->
    </test> <!-- Test -->
  </suite> <!-- Suite -->
</testng-results>
