<?xml version="1.0" encoding="UTF-8"?>
<testng-results ignored="0" total="3" passed="3" failed="0" skipped="0">
  <reporter-output>
  </reporter-output>
  <suite started-at="2022-03-22T18:45:55 CST" name="Suite" finished-at="2022-03-22T18:47:24 CST" duration-ms="89742">
    <groups>
    </groups>
    <test started-at="2022-03-22T18:45:55 CST" name="Test" finished-at="2022-03-22T18:47:24 CST" duration-ms="89742">
      <class name="academy.ValidateNavigationBar">
        <test-method is-config="true" signature="intialize()[pri:0, instance:academy.ValidateNavigationBar@5ae50ce6]" started-at="2022-03-22T18:46:06 CST" name="intialize" finished-at="2022-03-22T18:46:24 CST" duration-ms="18024" status="PASS">
          <reporter-output>
          </reporter-output>
        </test-method> <!-- intialize -->
        <test-method signature="basePageNavigation()[pri:0, instance:academy.ValidateNavigationBar@5ae50ce6]" started-at="2022-03-22T18:47:22 CST" name="basePageNavigation" finished-at="2022-03-22T18:47:22 CST" duration-ms="25" status="PASS">
          <reporter-output>
          </reporter-output>
        </test-method> <!-- basePageNavigation -->
        <test-method is-config="true" signature="teardown()[pri:0, instance:academy.ValidateNavigationBar@5ae50ce6]" started-at="2022-03-22T18:47:24 CST" name="teardown" finished-at="2022-03-22T18:47:24 CST" duration-ms="40" status="PASS">
          <reporter-output>
          </reporter-output>
        </test-method> <!-- teardown -->
      </class> <!-- academy.ValidateNavigationBar -->
      <class name="academy.HomePage">
        <test-method is-config="true" signature="intialize()[pri:0, instance:academy.HomePage@3c419631]" started-at="2022-03-22T18:45:55 CST" name="intialize" finished-at="2022-03-22T18:46:06 CST" duration-ms="11682" status="PASS">
          <reporter-output>
          </reporter-output>
        </test-method> <!-- intialize -->
        <test-method signature="basePageNavigation(java.lang.String,java.lang.String,java.lang.String)[pri:0, instance:academy.HomePage@3c419631]" started-at="2022-03-22T18:47:22 CST" name="basePageNavigation" data-provider="getData" finished-at="2022-03-22T18:47:24 CST" duration-ms="2528" status="PASS">
          <params>
            <param index="0">
              <value>
                <![CDATA[nonrestricteduser@qw.com]]>
              </value>
            </param>
            <param index="1">
              <value>
                <![CDATA[123456]]>
              </value>
            </param>
            <param index="2">
              <value>
                <![CDATA[Non restricted User]]>
              </value>
            </param>
          </params>
          <reporter-output>
          </reporter-output>
        </test-method> <!-- basePageNavigation -->
        <test-method is-config="true" signature="teardown()[pri:0, instance:academy.HomePage@3c419631]" started-at="2022-03-22T18:47:24 CST" name="teardown" finished-at="2022-03-22T18:47:24 CST" duration-ms="33" status="PASS">
          <reporter-output>
          </reporter-output>
        </test-method> <!-- teardown -->
      </class> <!-- academy.HomePage -->
      <class name="academy.ValidateTitle">
        <test-method is-config="true" signature="intialize()[pri:0, instance:academy.ValidateTitle@418e7838]" started-at="2022-03-22T18:46:24 CST" name="intialize" finished-at="2022-03-22T18:47:22 CST" duration-ms="57326" status="PASS">
          <reporter-output>
          </reporter-output>
        </test-method> <!-- intialize -->
        <test-method signature="basePageNavigation(java.lang.String,java.lang.String,java.lang.String)[pri:0, instance:academy.ValidateTitle@418e7838]" started-at="2022-03-22T18:47:24 CST" name="basePageNavigation" data-provider="getData" finished-at="2022-03-22T18:47:24 CST" duration-ms="15" status="PASS">
          <params>
            <param index="0">
              <value>
                <![CDATA[nonrestricteduser@qw.com]]>
              </value>
            </param>
            <param index="1">
              <value>
                <![CDATA[123456]]>
              </value>
            </param>
            <param index="2">
              <value>
                <![CDATA[Restricted User]]>
              </value>
            </param>
          </params>
          <reporter-output>
          </reporter-output>
        </test-method> <!-- basePageNavigation -->
        <test-method is-config="true" signature="teardown()[pri:0, instance:academy.ValidateTitle@418e7838]" started-at="2022-03-22T18:47:24 CST" name="teardown" finished-at="2022-03-22T18:47:24 CST" duration-ms="47" status="PASS">
          <reporter-output>
          </reporter-output>
        </test-method> <!-- teardown -->
      </class> <!-- academy.ValidateTitle -->
    </test> <!-- Test -->
  </suite> <!-- Suite -->
</testng-results>
