<?xml version="1.0" encoding="UTF-8"?>
<testng-results ignored="0" total="1" passed="1" failed="0" skipped="0">
  <reporter-output>
  </reporter-output>
  <suite started-at="2022-03-14T12:33:50 CST" name="Default suite" finished-at="2022-03-14T12:34:11 CST" duration-ms="20584">
    <groups>
    </groups>
    <test started-at="2022-03-14T12:33:50 CST" name="Default test" finished-at="2022-03-14T12:34:11 CST" duration-ms="20584">
      <class name="Academy.HomePage">
        <test-method signature="basePageNavigation()[pri:0, instance:Academy.HomePage@42e99e4a]" started-at="2022-03-14T12:33:50 CST" name="basePageNavigation" finished-at="2022-03-14T12:34:11 CST" duration-ms="20564" status="PASS">
          <reporter-output>
          </reporter-output>
        </test-method> <!-- basePageNavigation -->
      </class> <!-- Academy.HomePage -->
    </test> <!-- Default test -->
  </suite> <!-- Default suite -->
</testng-results>
